10/30/2020 08:09:22 AM Starting thread
10/30/2020 08:09:22 AM Started thread.
10/30/2020 08:09:23 AM Websocket opened.
10/30/2020 08:09:24 AM Status ID: 5f9c1e94c9f681818c58f0d3
10/30/2020 08:09:24 AM Traceback (most recent call last):
  File "bitmexstream.py", line 116, in on_message
    f"Trade Count: {len(insert_result.inserted_ids)}, {message['data'][0]['symbol']} => {message['data'][0]['size']} @ {message['data'][0]['price']}"
KeyError: 'symbol'

10/30/2020 08:09:25 AM Trade Count: 1, XBTUSD => 1329 @ 13293.5
10/30/2020 08:09:25 AM Trade Count: 1, ETHUSD => 851 @ 379.6
10/30/2020 08:09:25 AM Traceback (most recent call last):
  File "bitmexstream.py", line 116, in on_message
    f"Trade Count: {len(insert_result.inserted_ids)}, {message['data'][0]['symbol']} => {message['data'][0]['size']} @ {message['data'][0]['price']}"
KeyError: 'size'

10/30/2020 08:09:25 AM Traceback (most recent call last):
  File "bitmexstream.py", line 116, in on_message
    f"Trade Count: {len(insert_result.inserted_ids)}, {message['data'][0]['symbol']} => {message['data'][0]['size']} @ {message['data'][0]['price']}"
KeyError: 'size'

10/30/2020 08:09:25 AM Traceback (most recent call last):
  File "bitmexstream.py", line 116, in on_message
    f"Trade Count: {len(insert_result.inserted_ids)}, {message['data'][0]['symbol']} => {message['data'][0]['size']} @ {message['data'][0]['price']}"
KeyError: 'size'

10/30/2020 08:09:25 AM Exit signal received.
10/30/2020 08:09:25 AM Websocket closed.
10/30/2020 08:10:02 AM Starting thread
10/30/2020 08:10:02 AM Started thread.
10/30/2020 08:10:03 AM Websocket opened.
10/30/2020 08:10:03 AM Status ID: 5f9c1ebbef6c5a4e402e32a4
10/30/2020 08:10:05 AM Trade Count: 1, XBTUSD => 1888 @ 13290
10/30/2020 08:10:05 AM Trade Count: 1, ETHUSD => 1386 @ 379.3
10/30/2020 08:10:05 AM Traceback (most recent call last):
  File "bitmexstream.py", line 118, in on_message
    f"Trade Count: {len(insert_result.inserted_ids)}, {message['data'][0]['symbol']} => {message['data'][0]['size']} @ {message['data'][0]['price']}"
KeyError: 'size'

10/30/2020 08:10:05 AM Traceback (most recent call last):
  File "bitmexstream.py", line 118, in on_message
    f"Trade Count: {len(insert_result.inserted_ids)}, {message['data'][0]['symbol']} => {message['data'][0]['size']} @ {message['data'][0]['price']}"
KeyError: 'size'

10/30/2020 08:10:05 AM Traceback (most recent call last):
  File "bitmexstream.py", line 118, in on_message
    f"Trade Count: {len(insert_result.inserted_ids)}, {message['data'][0]['symbol']} => {message['data'][0]['size']} @ {message['data'][0]['price']}"
KeyError: 'size'

10/30/2020 08:10:05 AM Traceback (most recent call last):
  File "bitmexstream.py", line 118, in on_message
    f"Trade Count: {len(insert_result.inserted_ids)}, {message['data'][0]['symbol']} => {message['data'][0]['size']} @ {message['data'][0]['price']}"
KeyError: 'size'

10/30/2020 08:10:05 AM Trade Count: 3, XBTUSD => 17875 @ 13290.5
10/30/2020 08:10:05 AM Traceback (most recent call last):
  File "bitmexstream.py", line 118, in on_message
    f"Trade Count: {len(insert_result.inserted_ids)}, {message['data'][0]['symbol']} => {message['data'][0]['size']} @ {message['data'][0]['price']}"
KeyError: 'size'

10/30/2020 08:10:05 AM Trade Count: 1, ETHUSD => 1262 @ 379.3
10/30/2020 08:10:06 AM Exit signal received.
10/30/2020 08:10:06 AM Websocket closed.
10/30/2020 08:15:52 AM Starting thread
10/30/2020 08:15:52 AM Started thread.
10/30/2020 08:15:52 AM Websocket opened.
10/30/2020 08:15:53 AM Status ID: 5f9c2019cf05c905b7a8936b
10/30/2020 08:15:54 AM Traceback (most recent call last):
  File "bitmexstream.py", line 124, in on_message
    f"Table: {message['table']}, {message['data'][0]['symbol']}"
KeyError: 'symbol'

10/30/2020 08:15:55 AM Table: instrument, XBTUSD
10/30/2020 08:15:55 AM Table: instrument, ETHUSD
10/30/2020 08:15:55 AM Trade Count: 1, XBTUSD => 40 @ 13298.5
10/30/2020 08:15:55 AM Trade Count: 1, ETHUSD => 970 @ 379.25
10/30/2020 08:15:55 AM Table: instrument, XBTUSD
10/30/2020 08:15:56 AM Traceback (most recent call last):
  File "bitmexstream.py", line 124, in on_message
    f"Table: {message['table']}, {message['data'][0]['symbol']}"
KeyError: 'symbol'

10/30/2020 08:15:56 AM Table: instrument, XBTUSD
10/30/2020 08:15:56 AM Trade Count: 4, XBTUSD => 250 @ 13299
10/30/2020 08:15:56 AM Table: instrument, XBTUSD
10/30/2020 08:15:57 AM Exit signal received.
10/30/2020 08:15:57 AM Websocket closed.
10/30/2020 08:20:26 AM Starting thread
10/30/2020 08:20:26 AM Started thread.
10/30/2020 08:20:26 AM Websocket opened.
10/30/2020 08:20:27 AM Status ID: 5f9c212bdd4814038a7a96b0
10/30/2020 08:20:27 AM Table: instrument, XBTUSD
10/30/2020 08:20:27 AM Table: instrument, ETHUSD
10/30/2020 08:20:27 AM Trade Count: 1, XBTUSD => 901 @ 13343
10/30/2020 08:20:27 AM Trade Count: 1, ETHUSD => 1 @ 380.05
10/30/2020 08:20:27 AM Trade Count: 1, XBTUSD => 2 @ 13343
10/30/2020 08:20:28 AM Table: instrument, XBTUSD
10/30/2020 08:20:28 AM Trade Count: 1, XBTUSD => 10000 @ 13342.5
10/30/2020 08:20:28 AM Table: instrument, XBTUSD
10/30/2020 08:20:28 AM Table: instrument, ETHUSD
10/30/2020 08:20:28 AM Table: instrument, XBTUSD
10/30/2020 08:20:28 AM Trade Count: 1, XBTUSD => 1197 @ 13343
10/30/2020 08:20:28 AM Chat Message: SHORTisMORD => told u up is the way
10/30/2020 08:20:28 AM Chat Message: mlone => cmon :)
10/30/2020 08:20:29 AM Table: instrument, XBTUSD
10/30/2020 08:20:29 AM Table: instrument, ETHUSD
10/30/2020 08:20:29 AM Table: instrument, ETHUSD
10/30/2020 08:20:29 AM Table: instrument, XBTUSD
10/30/2020 08:20:29 AM Trade Count: 1, XBTUSD => 2000 @ 13342.5
10/30/2020 08:20:29 AM Table: instrument, XBTUSD
10/30/2020 08:20:30 AM Trade Count: 1, XBTUSD => 100 @ 13343
10/30/2020 08:20:30 AM Table: instrument, XBTUSD
10/30/2020 08:20:30 AM Table: instrument, ETHUSD
10/30/2020 08:20:30 AM Table: instrument, XBTUSD
10/30/2020 08:20:30 AM Table: instrument, ETHUSD
10/30/2020 08:20:30 AM Table: instrument, XBTUSD
10/30/2020 08:20:30 AM Table: instrument, ETHUSD
10/30/2020 08:20:31 AM Chat Message: AllexKD99 => будет наёбка века
10/30/2020 08:20:31 AM Table: instrument, XBTUSD
10/30/2020 08:20:31 AM Trade Count: 1, XBTUSD => 305 @ 13343
10/30/2020 08:20:31 AM Table: instrument, ETHUSD
10/30/2020 08:20:31 AM Trade Count: 2, ETHUSD => 13 @ 380.05
10/30/2020 08:20:31 AM Trade Count: 2, ETHUSD => 19 @ 380.05
10/30/2020 08:20:31 AM Trade Count: 1, ETHUSD => 94 @ 380.05
10/30/2020 08:20:31 AM Trade Count: 1, XBTUSD => 48 @ 13343
10/30/2020 08:20:32 AM Trade Count: 1, XBTUSD => 200 @ 13343
10/30/2020 08:20:32 AM Chat Message: RonniePickering => oh noos
10/30/2020 08:20:32 AM Trade Count: 1, XBTUSD => 500 @ 13343
10/30/2020 08:20:32 AM Trade Count: 1, XBTUSD => 501 @ 13343
10/30/2020 08:20:33 AM Table: instrument, XBTUSD
10/30/2020 08:20:33 AM Table: instrument, ETHUSD
10/30/2020 08:20:33 AM Table: instrument, XBTUSD
10/30/2020 08:20:33 AM Table: instrument, ETHUSD
10/30/2020 08:20:33 AM Trade Count: 1, XBTUSD => 147 @ 13343
10/30/2020 08:20:34 AM Table: instrument, XBTUSD
10/30/2020 08:20:34 AM Table: instrument, ETHUSD
10/30/2020 08:20:34 AM Table: instrument, ETHUSD
10/30/2020 08:20:34 AM Table: instrument, XBTUSD
10/30/2020 08:20:34 AM Trade Count: 61, XBTUSD => 4036 @ 13342.5
10/30/2020 08:20:34 AM Trade Count: 2, XBTUSD => 1200 @ 13341
10/30/2020 08:20:34 AM Table: instrument, XBTUSD
10/30/2020 08:20:34 AM Table: instrument, XBTUSD
10/30/2020 08:20:34 AM Trade Count: 3, XBTUSD => 476 @ 13340.5
10/30/2020 08:20:34 AM Table: instrument, XBTUSD
10/30/2020 08:20:34 AM Table: instrument, XBTUSD
10/30/2020 08:20:34 AM Trade Count: 1, XBTUSD => 6241 @ 13340
10/30/2020 08:20:34 AM Trade Count: 1, XBTUSD => 11 @ 13340.5
10/30/2020 08:20:34 AM Table: instrument, XBTUSD
10/30/2020 08:20:34 AM Table: instrument, XBTUSD
10/30/2020 08:20:34 AM Trade Count: 1, XBTUSD => 12 @ 13340.5
10/30/2020 08:20:34 AM Table: instrument, XBTUSD
10/30/2020 08:20:34 AM Trade Count: 2, XBTUSD => 1200 @ 13340
10/30/2020 08:20:34 AM Table: instrument, XBTUSD
10/30/2020 08:20:34 AM Trade Count: 1, XBTUSD => 11 @ 13340.5
10/30/2020 08:20:34 AM Table: instrument, XBTUSD
10/30/2020 08:20:34 AM Trade Count: 1, XBTUSD => 11 @ 13340.5
10/30/2020 08:20:34 AM Table: instrument, XBTUSD
10/30/2020 08:20:34 AM Trade Count: 1, XBTUSD => 10000 @ 13340
10/30/2020 08:20:34 AM Table: instrument, XBTUSD
10/30/2020 08:20:34 AM Trade Count: 1, XBTUSD => 11 @ 13340.5
10/30/2020 08:20:34 AM Table: instrument, XBTUSD
10/30/2020 08:20:34 AM Trade Count: 1, XBTUSD => 1 @ 13340
10/30/2020 08:20:34 AM Trade Count: 1, XBTUSD => 13 @ 13340.5
10/30/2020 08:20:34 AM Table: instrument, XBTUSD
10/30/2020 08:20:35 AM Table: instrument, XBTUSD
10/30/2020 08:20:35 AM Trade Count: 2, XBTUSD => 1389 @ 13340
10/30/2020 08:20:35 AM Table: instrument, XBTUSD
10/30/2020 08:20:35 AM Trade Count: 1, XBTUSD => 10 @ 13340.5
10/30/2020 08:20:35 AM Table: instrument, XBTUSD
10/30/2020 08:20:35 AM Trade Count: 1, XBTUSD => 11 @ 13340.5
10/30/2020 08:20:35 AM Table: instrument, XBTUSD
10/30/2020 08:20:35 AM Trade Count: 9, XBTUSD => 4273 @ 13340
10/30/2020 08:20:35 AM Trade Count: 1, XBTUSD => 11 @ 13340
10/30/2020 08:20:35 AM Table: instrument, ETHUSD
10/30/2020 08:20:35 AM Trade Count: 2, ETHUSD => 3 @ 380
10/30/2020 08:20:35 AM Table: instrument, ETHUSD
10/30/2020 08:20:35 AM Trade Count: 1, ETHUSD => 12 @ 380.05
10/30/2020 08:20:35 AM Table: instrument, ETHUSD
10/30/2020 08:20:35 AM Trade Count: 1, ETHUSD => 11 @ 380.05
10/30/2020 08:20:35 AM Trade Count: 1, ETHUSD => 13 @ 380.05
10/30/2020 08:20:35 AM Trade Count: 1, ETHUSD => 11 @ 380.05
10/30/2020 08:20:35 AM Table: instrument, XBTUSD
10/30/2020 08:20:35 AM Trade Count: 1, XBTUSD => 13 @ 13339.5
10/30/2020 08:20:35 AM Table: instrument, ETHUSD
10/30/2020 08:20:35 AM Trade Count: 3, ETHUSD => 342 @ 380
10/30/2020 08:20:35 AM Table: instrument, ETHUSD
10/30/2020 08:20:35 AM Trade Count: 1, ETHUSD => 13 @ 380.05
10/30/2020 08:20:35 AM Table: instrument, ETHUSD
10/30/2020 08:20:35 AM Trade Count: 1, ETHUSD => 10 @ 380
10/30/2020 08:20:35 AM Table: instrument, ETHUSD
10/30/2020 08:20:35 AM Trade Count: 1, ETHUSD => 11 @ 380
10/30/2020 08:20:35 AM Trade Count: 1, ETHUSD => 13 @ 380
10/30/2020 08:20:35 AM Table: instrument, XBTUSD
10/30/2020 08:20:35 AM Trade Count: 1, XBTUSD => 13 @ 13339.5
10/30/2020 08:20:35 AM Chat Message: carryjjang1 => 자 다왔다~
10/30/2020 08:20:35 AM Table: instrument, XBTUSD
10/30/2020 08:20:35 AM Table: instrument, ETHUSD
10/30/2020 08:20:35 AM Trade Count: 1, XBTUSD => 12 @ 13339.5
10/30/2020 08:20:35 AM Trade Count: 5, XBTUSD => 512 @ 13339
10/30/2020 08:20:36 AM Table: instrument, XBTUSD
10/30/2020 08:20:36 AM Trade Count: 2, ETHUSD => 86 @ 379.95
10/30/2020 08:20:36 AM Table: instrument, ETHUSD
10/30/2020 08:20:36 AM Trade Count: 1, XBTUSD => 2000 @ 13337.5
10/30/2020 08:20:36 AM Table: instrument, XBTUSD
10/30/2020 08:20:36 AM Table: instrument, XBTUSD
10/30/2020 08:20:36 AM Trade Count: 31, XBTUSD => 1338 @ 13337.5
10/30/2020 08:20:36 AM Table: instrument, XBTUSD
10/30/2020 08:20:36 AM Trade Count: 1, XBTUSD => 101 @ 13331.5
10/30/2020 08:20:36 AM Table: instrument, XBTUSD
10/30/2020 08:20:36 AM Trade Count: 1, XBTUSD => 10 @ 13331.5
10/30/2020 08:20:36 AM Trade Count: 1, XBTUSD => 12 @ 13331.5
10/30/2020 08:20:36 AM Trade Count: 1, XBTUSD => 13 @ 13331.5
10/30/2020 08:20:36 AM Trade Count: 1, XBTUSD => 13 @ 13331.5
10/30/2020 08:20:36 AM Trade Count: 1, ETHUSD => 13 @ 380
10/30/2020 08:20:36 AM Table: instrument, ETHUSD
10/30/2020 08:20:36 AM Trade Count: 1, XBTUSD => 147 @ 13331.5
10/30/2020 08:20:36 AM Trade Count: 1, XBTUSD => 151 @ 13331.5
10/30/2020 08:20:36 AM Trade Count: 1, XBTUSD => 123 @ 13331.5
10/30/2020 08:20:37 AM Table: instrument, XBTUSD
10/30/2020 08:20:37 AM Trade Count: 1, XBTUSD => 500 @ 13331
10/30/2020 08:20:37 AM Table: instrument, XBTUSD
10/30/2020 08:20:37 AM Trade Count: 1, XBTUSD => 1 @ 13331
10/30/2020 08:20:37 AM Table: instrument, XBTUSD
10/30/2020 08:20:37 AM Trade Count: 12, XBTUSD => 23940 @ 13331.5
10/30/2020 08:20:37 AM Trade Count: 1, XBTUSD => 12 @ 13331
10/30/2020 08:20:37 AM Table: instrument, XBTUSD
10/30/2020 08:20:37 AM Table: instrument, XBTUSD
10/30/2020 08:20:37 AM Trade Count: 1, XBTUSD => 11 @ 13331
10/30/2020 08:20:37 AM Trade Count: 1, XBTUSD => 12 @ 13331
10/30/2020 08:20:37 AM Trade Count: 3, XBTUSD => 797 @ 13331.5
10/30/2020 08:20:37 AM Table: instrument, XBTUSD
10/30/2020 08:20:37 AM Trade Count: 1, XBTUSD => 6002 @ 13331.5
10/30/2020 08:20:37 AM Trade Count: 1, XBTUSD => 3046 @ 13331.5
10/30/2020 08:20:37 AM Table: instrument, XBTUSD
10/30/2020 08:20:37 AM Trade Count: 1, XBTUSD => 13 @ 13331
10/30/2020 08:20:37 AM Trade Count: 1, XBTUSD => 7077 @ 13331.5
10/30/2020 08:20:37 AM Table: instrument, XBTUSD
10/30/2020 08:20:37 AM Trade Count: 1, XBTUSD => 10 @ 13331
10/30/2020 08:20:37 AM Table: instrument, XBTUSD
10/30/2020 08:20:37 AM Table: instrument, XBTUSD
10/30/2020 08:20:37 AM Trade Count: 1, XBTUSD => 13 @ 13331
10/30/2020 08:20:37 AM Trade Count: 1, XBTUSD => 13 @ 13331
10/30/2020 08:20:37 AM Trade Count: 1, XBTUSD => 10 @ 13331
10/30/2020 08:20:37 AM Trade Count: 2, XBTUSD => 550 @ 13331.5
10/30/2020 08:20:37 AM Table: instrument, XBTUSD
10/30/2020 08:20:37 AM Table: instrument, XBTUSD
10/30/2020 08:20:37 AM Trade Count: 1, XBTUSD => 10 @ 13331
10/30/2020 08:20:37 AM Table: instrument, XBTUSD
10/30/2020 08:20:37 AM Trade Count: 1, XBTUSD => 11 @ 13331
10/30/2020 08:20:37 AM Trade Count: 1, XBTUSD => 11 @ 13331
10/30/2020 08:20:37 AM Trade Count: 1, XBTUSD => 13 @ 13331
10/30/2020 08:20:38 AM Table: instrument, XBTUSD
10/30/2020 08:20:38 AM Table: instrument, ETHUSD
10/30/2020 08:20:38 AM Table: instrument, XBTUSD
10/30/2020 08:20:38 AM Trade Count: 1, XBTUSD => 151 @ 13332
10/30/2020 08:20:38 AM Table: instrument, XBTUSD
10/30/2020 08:20:38 AM Trade Count: 1, XBTUSD => 11 @ 13331.5
10/30/2020 08:20:38 AM Table: instrument, XBTUSD
10/30/2020 08:20:38 AM Trade Count: 1, XBTUSD => 11 @ 13331.5
10/30/2020 08:20:38 AM Trade Count: 1, XBTUSD => 10 @ 13331.5
10/30/2020 08:20:38 AM Trade Count: 1, XBTUSD => 13 @ 13331.5
10/30/2020 08:20:38 AM Chat Message: Stevey X => $14.4k!!!!!!!!!!!!
10/30/2020 08:20:38 AM Chat Message: oh-long => carryjjang1:  12k 꺠지지않는이상 11월도 상승장일수도있자넝
10/30/2020 08:20:38 AM Chat Message: mirae => 머냐 이거
10/30/2020 08:20:38 AM Table: instrument, XBTUSD
10/30/2020 08:20:38 AM Trade Count: 1, XBTUSD => 1 @ 13332
10/30/2020 08:20:38 AM Table: instrument, XBTUSD
10/30/2020 08:20:38 AM Trade Count: 1, XBTUSD => 10 @ 13331.5
10/30/2020 08:20:38 AM Table: instrument, XBTUSD
10/30/2020 08:20:38 AM Trade Count: 1, XBTUSD => 11 @ 13331.5
10/30/2020 08:20:38 AM Trade Count: 1, XBTUSD => 12 @ 13331.5
10/30/2020 08:20:38 AM Trade Count: 1, XBTUSD => 11 @ 13331.5
10/30/2020 08:20:39 AM Chat Message: Ash188 => 新高确定
10/30/2020 08:20:39 AM Table: instrument, XBTUSD
10/30/2020 08:20:39 AM Trade Count: 1, XBTUSD => 33 @ 13332
10/30/2020 08:20:39 AM Table: instrument, XBTUSD
10/30/2020 08:20:39 AM Table: instrument, ETHUSD
10/30/2020 08:20:39 AM Table: instrument, XBTUSD
10/30/2020 08:20:39 AM Trade Count: 1, XBTUSD => 11 @ 13331.5
10/30/2020 08:20:39 AM Table: instrument, XBTUSD
10/30/2020 08:20:39 AM Trade Count: 1, XBTUSD => 12 @ 13331.5
10/30/2020 08:20:39 AM Trade Count: 1, XBTUSD => 13 @ 13331.5
10/30/2020 08:20:39 AM Trade Count: 1, XBTUSD => 10 @ 13331.5
10/30/2020 08:20:39 AM Table: instrument, XBTUSD
10/30/2020 08:20:39 AM Table: instrument, ETHUSD
10/30/2020 08:20:39 AM Table: instrument, XBTUSD
10/30/2020 08:20:39 AM Trade Count: 4, XBTUSD => 724 @ 13332
10/30/2020 08:20:39 AM Trade Count: 1, XBTUSD => 13 @ 13332.5
10/30/2020 08:20:39 AM Table: instrument, XBTUSD
10/30/2020 08:20:39 AM Table: instrument, XBTUSD
10/30/2020 08:20:39 AM Trade Count: 1, XBTUSD => 12 @ 13332.5
10/30/2020 08:20:39 AM Trade Count: 2, XBTUSD => 740 @ 13333
10/30/2020 08:20:39 AM Table: instrument, XBTUSD
10/30/2020 08:20:39 AM Trade Count: 1, XBTUSD => 12 @ 13334
10/30/2020 08:20:39 AM Table: instrument, XBTUSD
10/30/2020 08:20:39 AM Table: instrument, XBTUSD
10/30/2020 08:20:39 AM Trade Count: 1, XBTUSD => 12 @ 13334
10/30/2020 08:20:39 AM Trade Count: 1, XBTUSD => 10 @ 13334
10/30/2020 08:20:39 AM Table: instrument, XBTUSD
10/30/2020 08:20:39 AM Trade Count: 1, XBTUSD => 250 @ 13334
10/30/2020 08:20:40 AM Trade Count: 2, XBTUSD => 13 @ 13334
10/30/2020 08:20:40 AM Table: instrument, XBTUSD
10/30/2020 08:20:40 AM Table: instrument, ETHUSD
10/30/2020 08:20:40 AM Trade Count: 1, XBTUSD => 470 @ 13334
10/30/2020 08:20:40 AM Chat Message: BTCto3750 => AhahaHelllo: all in from vwap short
10/30/2020 08:20:40 AM Trade Count: 2, XBTUSD => 2700 @ 13334.5
10/30/2020 08:20:40 AM Table: instrument, XBTUSD
10/30/2020 08:20:40 AM Table: instrument, XBTUSD
10/30/2020 08:20:40 AM Trade Count: 1, XBTUSD => 10 @ 13334
10/30/2020 08:20:40 AM Table: instrument, XBTUSD
10/30/2020 08:20:40 AM Trade Count: 1, XBTUSD => 11 @ 13334
10/30/2020 08:20:41 AM Trade Count: 1, XBTUSD => 11 @ 13334
10/30/2020 08:20:41 AM Table: instrument, XBTUSD
10/30/2020 08:20:41 AM Trade Count: 1, XBTUSD => 500 @ 13334.5
10/30/2020 08:20:41 AM Table: instrument, XBTUSD
10/30/2020 08:20:41 AM Trade Count: 1, XBTUSD => 40 @ 13337.5
10/30/2020 08:20:41 AM Chat Message: carryjjang1 => 190가자~
10/30/2020 08:20:41 AM Table: instrument, XBTUSD
10/30/2020 08:20:41 AM Trade Count: 1, XBTUSD => 25000 @ 13338
10/30/2020 08:20:41 AM Table: instrument, XBTUSD
10/30/2020 08:20:41 AM Table: instrument, XBTUSD
10/30/2020 08:20:41 AM Trade Count: 1, XBTUSD => 50 @ 13337.5
10/30/2020 08:20:42 AM Table: instrument, XBTUSD
10/30/2020 08:20:42 AM Table: instrument, XBTUSD
10/30/2020 08:20:42 AM Trade Count: 1, XBTUSD => 10005 @ 13338
10/30/2020 08:20:43 AM Table: instrument, XBTUSD
10/30/2020 08:20:43 AM Table: instrument, XBTUSD
10/30/2020 08:20:43 AM Trade Count: 1, XBTUSD => 10000 @ 13337.5
10/30/2020 08:20:43 AM Table: instrument, XBTUSD
10/30/2020 08:20:43 AM Trade Count: 1, XBTUSD => 4657 @ 13337.5
10/30/2020 08:20:43 AM Trade Count: 1, XBTUSD => 4582 @ 13337.5
10/30/2020 08:20:43 AM Trade Count: 1, XBTUSD => 4607 @ 13337.5
10/30/2020 08:20:43 AM Trade Count: 6, XBTUSD => 43632 @ 13337.5
10/30/2020 08:20:43 AM Trade Count: 1, XBTUSD => 4761 @ 13337.5
10/30/2020 08:20:43 AM Trade Count: 1, XBTUSD => 4602 @ 13337.5
10/30/2020 08:20:43 AM Trade Count: 2, XBTUSD => 95 @ 13337.5
10/30/2020 08:20:43 AM Trade Count: 3, XBTUSD => 1521 @ 13337.5
10/30/2020 08:20:43 AM Trade Count: 9, XBTUSD => 40 @ 13337.5
10/30/2020 08:20:43 AM Trade Count: 2, XBTUSD => 4190 @ 13337.5
10/30/2020 08:20:43 AM Trade Count: 1, XBTUSD => 9029 @ 13337.5
10/30/2020 08:20:43 AM Table: instrument, XBTUSD
10/30/2020 08:20:43 AM Trade Count: 1, XBTUSD => 10 @ 13338
10/30/2020 08:20:43 AM Table: instrument, XBTUSD
10/30/2020 08:20:43 AM Trade Count: 1, XBTUSD => 2011 @ 13337.5
10/30/2020 08:20:43 AM Table: instrument, XBTUSD
10/30/2020 08:20:43 AM Trade Count: 1, XBTUSD => 12 @ 13337.5
10/30/2020 08:20:43 AM Table: instrument, XBTUSD
10/30/2020 08:20:43 AM Trade Count: 1, XBTUSD => 1800 @ 13337
10/30/2020 08:20:43 AM Table: instrument, XBTUSD
10/30/2020 08:20:43 AM Trade Count: 1, XBTUSD => 12 @ 13337.5
10/30/2020 08:20:43 AM Trade Count: 1, XBTUSD => 12 @ 13337.5
10/30/2020 08:20:43 AM Table: instrument, XBTUSD
10/30/2020 08:20:43 AM Trade Count: 1, XBTUSD => 15 @ 13337.5
10/30/2020 08:20:43 AM Table: instrument, XBTUSD
10/30/2020 08:20:43 AM Trade Count: 1, XBTUSD => 1300 @ 13337
10/30/2020 08:20:43 AM Table: instrument, XBTUSD
10/30/2020 08:20:43 AM Trade Count: 1, XBTUSD => 11 @ 13337.5
10/30/2020 08:20:43 AM Table: instrument, XBTUSD
10/30/2020 08:20:43 AM Trade Count: 4, XBTUSD => 250 @ 13337
10/30/2020 08:20:44 AM Table: instrument, XBTUSD
10/30/2020 08:20:44 AM Table: instrument, XBTUSD
10/30/2020 08:20:44 AM Table: instrument, ETHUSD
10/30/2020 08:20:45 AM Table: instrument, XBTUSD
10/30/2020 08:20:45 AM Trade Count: 2, XBTUSD => 23580 @ 13335
10/30/2020 08:20:45 AM Chat Message: kimchiswing => 나스닥꼬라박는데 14k가면 인정해준다
10/30/2020 08:20:45 AM Table: instrument, XBTUSD
10/30/2020 08:20:45 AM Chat Message: Captain_Marble => ㅈ같은 새끼들
10/30/2020 08:20:46 AM Chat Message: Minkyungfa => /position xbtusd 하아암
```
:bitmex: XBTUSD: 66,666 Cont @ 13254
```
10/30/2020 08:20:47 AM Trade Count: 1, XBTUSD => 152 @ 13335
10/30/2020 08:20:47 AM Table: instrument, XBTUSD
10/30/2020 08:20:47 AM Trade Count: 1, XBTUSD => 500 @ 13334.5
10/30/2020 08:20:47 AM Table: instrument, XBTUSD
10/30/2020 08:20:48 AM Table: instrument, XBTUSD
10/30/2020 08:20:48 AM Exit signal received.
10/30/2020 08:20:48 AM Websocket closed.
10/30/2020 08:22:30AM| Starting thread
10/30/2020 08:22:30AM| Started thread.
10/30/2020 08:22:30AM| Websocket opened.
10/30/2020 08:22:31AM| Status ID: 5f9c21a7f634005bd6cb3bba
10/30/2020 08:22:31AM| Chat Message: park-HoDoo => 상승장은아니지....대상송장이지
10/30/2020 08:22:32AM| Chat Message: 0.01Gamer => 12.5오면 감사합니다하고 롱받아야됨
10/30/2020 08:22:32AM| Trade Count: 1, XBTUSD => 1 @ 13327.5
10/30/2020 08:22:32AM| Trade Count: 1, ETHUSD => 1124 @ 379.75
10/30/2020 08:22:32AM| Table: instrument, XBTUSD
10/30/2020 08:22:32AM| Table: instrument, ETHUSD
10/30/2020 08:22:33AM| Table: instrument, XBTUSD
10/30/2020 08:22:33AM| Table: instrument, ETHUSD
10/30/2020 08:22:34AM| Table: instrument, XBTUSD
10/30/2020 08:22:34AM| Trade Count: 1, XBTUSD => 2000 @ 13327.5
10/30/2020 08:22:35AM| Table: instrument, XBTUSD
10/30/2020 08:22:35AM| Table: instrument, ETHUSD
10/30/2020 08:22:35AM| Table: instrument, XBTUSD
10/30/2020 08:22:35AM| Trade Count: 1, XBTUSD => 90 @ 13328
10/30/2020 08:22:36AM| Table: instrument, XBTUSD
10/30/2020 08:22:39AM| Trade Count: 4, ETHUSD => 941 @ 379.75
10/30/2020 08:22:39AM| Table: instrument, XBTUSD
10/30/2020 08:22:39AM| Table: instrument, ETHUSD
10/30/2020 08:22:40AM| Table: instrument, XBTUSD
10/30/2020 08:22:40AM| Trade Count: 5, XBTUSD => 3139 @ 13327.5
10/30/2020 08:22:40AM| Table: instrument, XBTUSD
10/30/2020 08:22:40AM| Table: instrument, ETHUSD
10/30/2020 08:22:41AM| Chat Message: Captain_Marble => 매수벽도 그냥 사기더만
10/30/2020 08:22:43AM| Table: instrument, XBTUSD
10/30/2020 08:22:43AM| Table: instrument, ETHUSD
10/30/2020 08:22:43AM| Chat Message: park-HoDoo => 9k안가
10/30/2020 08:22:44AM| Trade Count: 6, ETHUSD => 1235 @ 379.75
10/30/2020 08:22:44AM| Table: instrument, XBTUSD
10/30/2020 08:22:44AM| Table: instrument, ETHUSD
10/30/2020 08:22:44AM| Chat Message: Enemy. => 1296도 못가는데..뮤슨..
10/30/2020 08:22:44AM| Table: instrument, XBTUSD
10/30/2020 08:22:44AM| Trade Count: 22, XBTUSD => 5769 @ 13328
10/30/2020 08:22:44AM| Table: instrument, XBTUSD
10/30/2020 08:22:44AM| Table: instrument, XBTUSD
10/30/2020 08:22:44AM| Trade Count: 10, XBTUSD => 250 @ 13329
10/30/2020 08:22:45AM| Trade Count: 5, ETHUSD => 650 @ 379.75
10/30/2020 08:22:45AM| Table: instrument, ETHUSD
10/30/2020 08:22:45AM| Trade Count: 1, ETHUSD => 11 @ 379.7
10/30/2020 08:22:45AM| Trade Count: 1, ETHUSD => 20 @ 379.75
10/30/2020 08:22:45AM| Table: instrument, ETHUSD
10/30/2020 08:22:45AM| Trade Count: 1, ETHUSD => 13 @ 379.8
10/30/2020 08:22:45AM| Table: instrument, ETHUSD
10/30/2020 08:22:45AM| Table: instrument, ETHUSD
10/30/2020 08:22:45AM| Trade Count: 1, ETHUSD => 12 @ 379.8
10/30/2020 08:22:45AM| Trade Count: 1, ETHUSD => 11 @ 379.8
10/30/2020 08:22:45AM| Trade Count: 1, ETHUSD => 10 @ 379.8
10/30/2020 08:22:45AM| Table: instrument, XBTUSD
10/30/2020 08:22:47AM| Exit signal received.
10/30/2020 08:22:47AM| Websocket closed.
